[Sandcastle Help File Builder GUI, version 1.5.0.1]
Build started at 2008/5/20 上午 10:03:04

Finding tools...
Found Sandcastle in 'C:\Program Files\Sandcastle\'
Found HTML 1.x help compiler in 'C:\Program Files\HTML Help Workshop\'
Validating documentation assembly information...
-------------------------------
Creating Sandcastle configuration file...
    Last step completed in 00:00:00.0781
-------------------------------
Generating shared content files (en-US)...
    Last step completed in 00:00:00.0313
-------------------------------
Generating reflection information...
[D:\Project\SourceCode\Dot Net 底層\dot net\VS2008\AcerLibrary\AcerLibrary\bin\Release\Doc\Help\Working\GenerateRefInfo.bat]
MrefBuilder (v2.2.64000.4)
Copyright c Microsoft 2006
Info: Loaded 1 assemblies for reflection and 0 dependency assemblies.
Info: Wrote information on 10 namespaces, 35 types, and 407 members
    Last step completed in 00:00:08.4063
-------------------------------
Removing duplicate topics from reflection information file
    0 duplicate topics removed
    Last step completed in 00:00:00.0000
-------------------------------
Generating namespace summary information...
    Warning: Missing namespace summary documentation for N:Acer.Ajax
    Warning: Missing namespace summary documentation for N:Acer.Apps
    Warning: Missing namespace summary documentation for N:Acer.Base
    Warning: Missing namespace summary documentation for N:Acer.DB
    Warning: Missing namespace summary documentation for N:Acer.DB.Query
    Warning: Missing namespace summary documentation for N:Acer.Err
    Warning: Missing namespace summary documentation for N:Acer.File
    Warning: Missing namespace summary documentation for N:Acer.Form
    Warning: Missing namespace summary documentation for N:Acer.Log
    Warning: Missing namespace summary documentation for N:Acer.Util
    Last step completed in 00:00:00.0469
-------------------------------
Applying visibility properties to reflection information file
    2 attribute nodes removed
    0 explicit interface implementations removed
    28 local and base class EII elements removed
    Last step completed in 00:00:00.0625
-------------------------------
Transforming reflection output...
[D:\Project\SourceCode\Dot Net 底層\dot net\VS2008\AcerLibrary\AcerLibrary\bin\Release\Doc\Help\Working\TransformManifest.bat]
XslTransform (v2.2.64000.4)
Copyright c Microsoft 2005-2006
Info: Applying XSL transformation 'C:\Program Files\Sandcastle\ProductionTransforms\ApplyPrototypeDocModel.xsl'.
Info: Applying XSL transformation 'C:\Program Files\Sandcastle\ProductionTransforms\AddGuidFilenames.xsl'.
XslTransform (v2.2.64000.4)
Copyright c Microsoft 2005-2006
Info: Applying XSL transformation 'C:\Program Files\Sandcastle\ProductionTransforms\ReflectionToManifest.xsl'.
    Last step completed in 00:00:02.6094
-------------------------------
Copying standard help content...
C:\Program Files\Sandcastle\Presentation\Prototype\icons\alert_caution.gif -> D:\Project\SourceCode\Dot Net 底層\dot net\VS2008\AcerLibrary\AcerLibrary\bin\Release\Doc\Help\Working\Output\icons\alert_caution.gif
C:\Program Files\Sandcastle\Presentation\Prototype\icons\alert_note.gif -> D:\Project\SourceCode\Dot Net 底層\dot net\VS2008\AcerLibrary\AcerLibrary\bin\Release\Doc\Help\Working\Output\icons\alert_note.gif
C:\Program Files\Sandcastle\Presentation\Prototype\icons\alert_security.gif -> D:\Project\SourceCode\Dot Net 底層\dot net\VS2008\AcerLibrary\AcerLibrary\bin\Release\Doc\Help\Working\Output\icons\alert_security.gif
C:\Program Files\Sandcastle\Presentation\Prototype\icons\Caution.gif -> D:\Project\SourceCode\Dot Net 底層\dot net\VS2008\AcerLibrary\AcerLibrary\bin\Release\Doc\Help\Working\Output\icons\Caution.gif
C:\Program Files\Sandcastle\Presentation\Prototype\icons\CFW.gif -> D:\Project\SourceCode\Dot Net 底層\dot net\VS2008\AcerLibrary\AcerLibrary\bin\Release\Doc\Help\Working\Output\icons\CFW.gif
C:\Program Files\Sandcastle\Presentation\Prototype\icons\collapse_all.gif -> D:\Project\SourceCode\Dot Net 底層\dot net\VS2008\AcerLibrary\AcerLibrary\bin\Release\Doc\Help\Working\Output\icons\collapse_all.gif
C:\Program Files\Sandcastle\Presentation\Prototype\icons\copycode.gif -> D:\Project\SourceCode\Dot Net 底層\dot net\VS2008\AcerLibrary\AcerLibrary\bin\Release\Doc\Help\Working\Output\icons\copycode.gif
C:\Program Files\Sandcastle\Presentation\Prototype\icons\expand_all.gif -> D:\Project\SourceCode\Dot Net 底層\dot net\VS2008\AcerLibrary\AcerLibrary\bin\Release\Doc\Help\Working\Output\icons\expand_all.gif
C:\Program Files\Sandcastle\Presentation\Prototype\icons\LastChild.gif -> D:\Project\SourceCode\Dot Net 底層\dot net\VS2008\AcerLibrary\AcerLibrary\bin\Release\Doc\Help\Working\Output\icons\LastChild.gif
C:\Program Files\Sandcastle\Presentation\Prototype\icons\NotLastChild.gif -> D:\Project\SourceCode\Dot Net 底層\dot net\VS2008\AcerLibrary\AcerLibrary\bin\Release\Doc\Help\Working\Output\icons\NotLastChild.gif
C:\Program Files\Sandcastle\Presentation\Prototype\icons\privclass.gif -> D:\Project\SourceCode\Dot Net 底層\dot net\VS2008\AcerLibrary\AcerLibrary\bin\Release\Doc\Help\Working\Output\icons\privclass.gif
C:\Program Files\Sandcastle\Presentation\Prototype\icons\privdelegate.gif -> D:\Project\SourceCode\Dot Net 底層\dot net\VS2008\AcerLibrary\AcerLibrary\bin\Release\Doc\Help\Working\Output\icons\privdelegate.gif
C:\Program Files\Sandcastle\Presentation\Prototype\icons\privenum.gif -> D:\Project\SourceCode\Dot Net 底層\dot net\VS2008\AcerLibrary\AcerLibrary\bin\Release\Doc\Help\Working\Output\icons\privenum.gif
C:\Program Files\Sandcastle\Presentation\Prototype\icons\privevent.gif -> D:\Project\SourceCode\Dot Net 底層\dot net\VS2008\AcerLibrary\AcerLibrary\bin\Release\Doc\Help\Working\Output\icons\privevent.gif
C:\Program Files\Sandcastle\Presentation\Prototype\icons\privfield.gif -> D:\Project\SourceCode\Dot Net 底層\dot net\VS2008\AcerLibrary\AcerLibrary\bin\Release\Doc\Help\Working\Output\icons\privfield.gif
C:\Program Files\Sandcastle\Presentation\Prototype\icons\privinterface.gif -> D:\Project\SourceCode\Dot Net 底層\dot net\VS2008\AcerLibrary\AcerLibrary\bin\Release\Doc\Help\Working\Output\icons\privinterface.gif
C:\Program Files\Sandcastle\Presentation\Prototype\icons\privmethod.gif -> D:\Project\SourceCode\Dot Net 底層\dot net\VS2008\AcerLibrary\AcerLibrary\bin\Release\Doc\Help\Working\Output\icons\privmethod.gif
C:\Program Files\Sandcastle\Presentation\Prototype\icons\privproperty.gif -> D:\Project\SourceCode\Dot Net 底層\dot net\VS2008\AcerLibrary\AcerLibrary\bin\Release\Doc\Help\Working\Output\icons\privproperty.gif
C:\Program Files\Sandcastle\Presentation\Prototype\icons\privstructure.gif -> D:\Project\SourceCode\Dot Net 底層\dot net\VS2008\AcerLibrary\AcerLibrary\bin\Release\Doc\Help\Working\Output\icons\privstructure.gif
C:\Program Files\Sandcastle\Presentation\Prototype\icons\protclass.gif -> D:\Project\SourceCode\Dot Net 底層\dot net\VS2008\AcerLibrary\AcerLibrary\bin\Release\Doc\Help\Working\Output\icons\protclass.gif
C:\Program Files\Sandcastle\Presentation\Prototype\icons\protdelegate.gif -> D:\Project\SourceCode\Dot Net 底層\dot net\VS2008\AcerLibrary\AcerLibrary\bin\Release\Doc\Help\Working\Output\icons\protdelegate.gif
C:\Program Files\Sandcastle\Presentation\Prototype\icons\protenum.gif -> D:\Project\SourceCode\Dot Net 底層\dot net\VS2008\AcerLibrary\AcerLibrary\bin\Release\Doc\Help\Working\Output\icons\protenum.gif
C:\Program Files\Sandcastle\Presentation\Prototype\icons\protevent.gif -> D:\Project\SourceCode\Dot Net 底層\dot net\VS2008\AcerLibrary\AcerLibrary\bin\Release\Doc\Help\Working\Output\icons\protevent.gif
C:\Program Files\Sandcastle\Presentation\Prototype\icons\protfield.gif -> D:\Project\SourceCode\Dot Net 底層\dot net\VS2008\AcerLibrary\AcerLibrary\bin\Release\Doc\Help\Working\Output\icons\protfield.gif
C:\Program Files\Sandcastle\Presentation\Prototype\icons\protfield.png -> D:\Project\SourceCode\Dot Net 底層\dot net\VS2008\AcerLibrary\AcerLibrary\bin\Release\Doc\Help\Working\Output\icons\protfield.png
C:\Program Files\Sandcastle\Presentation\Prototype\icons\protinterface.gif -> D:\Project\SourceCode\Dot Net 底層\dot net\VS2008\AcerLibrary\AcerLibrary\bin\Release\Doc\Help\Working\Output\icons\protinterface.gif
C:\Program Files\Sandcastle\Presentation\Prototype\icons\protmethod.gif -> D:\Project\SourceCode\Dot Net 底層\dot net\VS2008\AcerLibrary\AcerLibrary\bin\Release\Doc\Help\Working\Output\icons\protmethod.gif
C:\Program Files\Sandcastle\Presentation\Prototype\icons\protoperator.gif -> D:\Project\SourceCode\Dot Net 底層\dot net\VS2008\AcerLibrary\AcerLibrary\bin\Release\Doc\Help\Working\Output\icons\protoperator.gif
C:\Program Files\Sandcastle\Presentation\Prototype\icons\protproperty.gif -> D:\Project\SourceCode\Dot Net 底層\dot net\VS2008\AcerLibrary\AcerLibrary\bin\Release\Doc\Help\Working\Output\icons\protproperty.gif
C:\Program Files\Sandcastle\Presentation\Prototype\icons\protstructure.gif -> D:\Project\SourceCode\Dot Net 底層\dot net\VS2008\AcerLibrary\AcerLibrary\bin\Release\Doc\Help\Working\Output\icons\protstructure.gif
C:\Program Files\Sandcastle\Presentation\Prototype\icons\pubclass.gif -> D:\Project\SourceCode\Dot Net 底層\dot net\VS2008\AcerLibrary\AcerLibrary\bin\Release\Doc\Help\Working\Output\icons\pubclass.gif
C:\Program Files\Sandcastle\Presentation\Prototype\icons\pubdelegate.gif -> D:\Project\SourceCode\Dot Net 底層\dot net\VS2008\AcerLibrary\AcerLibrary\bin\Release\Doc\Help\Working\Output\icons\pubdelegate.gif
C:\Program Files\Sandcastle\Presentation\Prototype\icons\pubenum.gif -> D:\Project\SourceCode\Dot Net 底層\dot net\VS2008\AcerLibrary\AcerLibrary\bin\Release\Doc\Help\Working\Output\icons\pubenum.gif
C:\Program Files\Sandcastle\Presentation\Prototype\icons\pubevent.gif -> D:\Project\SourceCode\Dot Net 底層\dot net\VS2008\AcerLibrary\AcerLibrary\bin\Release\Doc\Help\Working\Output\icons\pubevent.gif
C:\Program Files\Sandcastle\Presentation\Prototype\icons\pubfield.gif -> D:\Project\SourceCode\Dot Net 底層\dot net\VS2008\AcerLibrary\AcerLibrary\bin\Release\Doc\Help\Working\Output\icons\pubfield.gif
C:\Program Files\Sandcastle\Presentation\Prototype\icons\pubinterface.gif -> D:\Project\SourceCode\Dot Net 底層\dot net\VS2008\AcerLibrary\AcerLibrary\bin\Release\Doc\Help\Working\Output\icons\pubinterface.gif
C:\Program Files\Sandcastle\Presentation\Prototype\icons\pubmethod.gif -> D:\Project\SourceCode\Dot Net 底層\dot net\VS2008\AcerLibrary\AcerLibrary\bin\Release\Doc\Help\Working\Output\icons\pubmethod.gif
C:\Program Files\Sandcastle\Presentation\Prototype\icons\puboperator.gif -> D:\Project\SourceCode\Dot Net 底層\dot net\VS2008\AcerLibrary\AcerLibrary\bin\Release\Doc\Help\Working\Output\icons\puboperator.gif
C:\Program Files\Sandcastle\Presentation\Prototype\icons\pubproperty.gif -> D:\Project\SourceCode\Dot Net 底層\dot net\VS2008\AcerLibrary\AcerLibrary\bin\Release\Doc\Help\Working\Output\icons\pubproperty.gif
C:\Program Files\Sandcastle\Presentation\Prototype\icons\pubstructure.gif -> D:\Project\SourceCode\Dot Net 底層\dot net\VS2008\AcerLibrary\AcerLibrary\bin\Release\Doc\Help\Working\Output\icons\pubstructure.gif
C:\Program Files\Sandcastle\Presentation\Prototype\icons\security.gif -> D:\Project\SourceCode\Dot Net 底層\dot net\VS2008\AcerLibrary\AcerLibrary\bin\Release\Doc\Help\Working\Output\icons\security.gif
C:\Program Files\Sandcastle\Presentation\Prototype\icons\static.gif -> D:\Project\SourceCode\Dot Net 底層\dot net\VS2008\AcerLibrary\AcerLibrary\bin\Release\Doc\Help\Working\Output\icons\static.gif
C:\Program Files\Sandcastle\Presentation\Prototype\scripts\CollapsibleSection.js -> D:\Project\SourceCode\Dot Net 底層\dot net\VS2008\AcerLibrary\AcerLibrary\bin\Release\Doc\Help\Working\Output\scripts\CollapsibleSection.js
C:\Program Files\Sandcastle\Presentation\Prototype\scripts\CookieDataStore.js -> D:\Project\SourceCode\Dot Net 底層\dot net\VS2008\AcerLibrary\AcerLibrary\bin\Release\Doc\Help\Working\Output\scripts\CookieDataStore.js
C:\Program Files\Sandcastle\Presentation\Prototype\scripts\ElementCollection.js -> D:\Project\SourceCode\Dot Net 底層\dot net\VS2008\AcerLibrary\AcerLibrary\bin\Release\Doc\Help\Working\Output\scripts\ElementCollection.js
C:\Program Files\Sandcastle\Presentation\Prototype\scripts\EventUtilities.js -> D:\Project\SourceCode\Dot Net 底層\dot net\VS2008\AcerLibrary\AcerLibrary\bin\Release\Doc\Help\Working\Output\scripts\EventUtilities.js
C:\Program Files\Sandcastle\Presentation\Prototype\scripts\LanguageFilter.js -> D:\Project\SourceCode\Dot Net 底層\dot net\VS2008\AcerLibrary\AcerLibrary\bin\Release\Doc\Help\Working\Output\scripts\LanguageFilter.js
C:\Program Files\Sandcastle\Presentation\Prototype\scripts\MemberFilter.js -> D:\Project\SourceCode\Dot Net 底層\dot net\VS2008\AcerLibrary\AcerLibrary\bin\Release\Doc\Help\Working\Output\scripts\MemberFilter.js
C:\Program Files\Sandcastle\Presentation\Prototype\scripts\SplitScreen.js -> D:\Project\SourceCode\Dot Net 底層\dot net\VS2008\AcerLibrary\AcerLibrary\bin\Release\Doc\Help\Working\Output\scripts\SplitScreen.js
C:\Program Files\Sandcastle\Presentation\Prototype\scripts\StyleUtilities.js -> D:\Project\SourceCode\Dot Net 底層\dot net\VS2008\AcerLibrary\AcerLibrary\bin\Release\Doc\Help\Working\Output\scripts\StyleUtilities.js
C:\Program Files\Sandcastle\Presentation\Prototype\styles\presentation.css -> D:\Project\SourceCode\Dot Net 底層\dot net\VS2008\AcerLibrary\AcerLibrary\bin\Release\Doc\Help\Working\Output\styles\presentation.css
    Last step completed in 00:00:00.8906

Building help topics...
[D:\Project\SourceCode\Dot Net 底層\dot net\VS2008\AcerLibrary\AcerLibrary\bin\Release\Doc\Help\Working\BuildHelpTopics.bat]
BuildAssembler (v2.2.64000.4)
Copyright c Microsoft 2006
Info: CopyFromFileComponent: Instantiating component.
Info: CopyFromFileComponent: Loading data file 'C:\Program Files\Sandcastle\Presentation\Prototype\transforms\skeleton.xml'.
Info: CopyFromIndexComponent: Instantiating component.
Info: CopyFromIndexComponent: Searching for files that match '*.xml'.
Info: CopyFromIndexComponent: Searching for files that match 'reflection.xml'.
Info: CopyFromIndexComponent: Indexed 189030 elements in 65 files.
Info: CopyFromIndexComponent: Instantiating component.
Info: ForEachComponent: Instantiating component.
Info: ForEachComponent: Loading subcomponents.
Info: CopyFromIndexComponent: Instantiating component.
Info: ForEachComponent: Loaded 1 subcomponents.
Info: IfThenComponent: Instantiating component.
Info: SyntaxComponent: Instantiating component.
Info: SyntaxComponent: Loaded 3 syntax generators.
Info: CopyFromIndexComponent: Instantiating component.
Info: CopyFromIndexComponent: Searching for files that match '*.xml'.
Info: CopyFromIndexComponent: Searching for files that match 'D:\Project\SourceCode\Dot Net 底層\dot net\VS2008\AcerLibrary\AcerLibrary\bin\Release\Doc\Help\Working\AcerLibrary.xml'.
Info: CopyFromIndexComponent: Indexed 623 elements in 4 files.
Info: ForEachComponent: Instantiating component.
Info: ForEachComponent: Loading subcomponents.
Info: IfThenComponent: Instantiating component.
Info: CopyFromIndexComponent: Instantiating component.
Info: CopyFromIndexComponent: Instantiating component.
Info: ForEachComponent: Loaded 2 subcomponents.
Info: CopyFromIndexComponent: Instantiating component.
Info: ShowMissingComponent: Instantiating component.
Info: ShowMissingComponent: 
    [Sandcastle Help File Builder Components, version 1.5.0.1]
    Show Missing Documentation Component. Copyright c 2006-2007, Eric Woodruff, All Rights Reserved
    http://www.codeplex.com/SHFB
Info: VersionInfoComponent: Instantiating component.
Info: VersionInfoComponent: 
    [Sandcastle Help File Builder Components, version 1.5.0.1]
    Version Information Component. Copyright c 2006-2007, Eric Woodruff, All Rights Reserved
    http://www.codeplex.com/SHFB
Info: CodeBlockComponent: Instantiating component.
Info: CodeBlockComponent: 
    [Sandcastle Help File Builder Components, version 1.5.0.1]
    Code Block Component. Copyright c 2006-2007, Eric Woodruff, All Rights Reserved.
    Portions copyright (c) 2003, Jonathan de Halleux, All rights reserved.
    http://www.codeplex.com/SHFB
Info: TransformComponent: Instantiating component.
Info: PostTransformComponent: Instantiating component.
Info: PostTransformComponent: 
    [Sandcastle Help File Builder Components, version 1.5.0.1]
    Post-Transform Component. Copyright c 2006-2007, Eric Woodruff, All Rights Reserved
    http://www.codeplex.com/SHFB
Info: SharedContentComponent: Instantiating component.
Info: SharedContentComponent: Searching for files that match 'C:\Program Files\Sandcastle\Presentation\Prototype\content\shared_content.xml'.
Info: SharedContentComponent: Loading shared content file 'C:\Program Files\Sandcastle\Presentation\Prototype\content\shared_content.xml'.
Info: SharedContentComponent: Found 1 files in C:\Program Files\Sandcastle\Presentation\Prototype\content\shared_content.xml.
Info: SharedContentComponent: Searching for files that match 'C:\Program Files\Sandcastle\Presentation\Prototype\content\reference_content.xml'.
Info: SharedContentComponent: Loading shared content file 'C:\Program Files\Sandcastle\Presentation\Prototype\content\reference_content.xml'.
Info: SharedContentComponent: Found 1 files in C:\Program Files\Sandcastle\Presentation\Prototype\content\reference_content.xml.
Info: SharedContentComponent: Searching for files that match 'C:\Program Files\Sandcastle\Presentation\Shared\content\syntax_content.xml'.
Info: SharedContentComponent: Loading shared content file 'C:\Program Files\Sandcastle\Presentation\Shared\content\syntax_content.xml'.
Info: SharedContentComponent: Found 1 files in C:\Program Files\Sandcastle\Presentation\Shared\content\syntax_content.xml.
Info: SharedContentComponent: Searching for files that match 'SharedBuilderContent.xml'.
Info: SharedContentComponent: Loading shared content file 'D:\Project\SourceCode\Dot Net 底層\dot net\VS2008\AcerLibrary\AcerLibrary\bin\Release\Doc\Help\Working\SharedBuilderContent.xml'.
Info: SharedContentComponent: Overriding shared content item 'rootlink' with value in file 'D:\Project\SourceCode\Dot Net 底層\dot net\VS2008\AcerLibrary\AcerLibrary\bin\Release\Doc\Help\Working\SharedBuilderContent.xml'.
Info: SharedContentComponent: Overriding shared content item 'producttitle' with value in file 'D:\Project\SourceCode\Dot Net 底層\dot net\VS2008\AcerLibrary\AcerLibrary\bin\Release\Doc\Help\Working\SharedBuilderContent.xml'.
Info: SharedContentComponent: Overriding shared content item 'locationinformation' with value in file 'D:\Project\SourceCode\Dot Net 底層\dot net\VS2008\AcerLibrary\AcerLibrary\bin\Release\Doc\Help\Working\SharedBuilderContent.xml'.
Info: SharedContentComponent: Overriding shared content item 'locale' with value in file 'D:\Project\SourceCode\Dot Net 底層\dot net\VS2008\AcerLibrary\AcerLibrary\bin\Release\Doc\Help\Working\SharedBuilderContent.xml'.
Info: SharedContentComponent: Overriding shared content item 'header' with value in file 'D:\Project\SourceCode\Dot Net 底層\dot net\VS2008\AcerLibrary\AcerLibrary\bin\Release\Doc\Help\Working\SharedBuilderContent.xml'.
Info: SharedContentComponent: Overriding shared content item 'footer' with value in file 'D:\Project\SourceCode\Dot Net 底層\dot net\VS2008\AcerLibrary\AcerLibrary\bin\Release\Doc\Help\Working\SharedBuilderContent.xml'.
Info: SharedContentComponent: Overriding shared content item 'comments' with value in file 'D:\Project\SourceCode\Dot Net 底層\dot net\VS2008\AcerLibrary\AcerLibrary\bin\Release\Doc\Help\Working\SharedBuilderContent.xml'.
Info: SharedContentComponent: Overriding shared content item 'copyright' with value in file 'D:\Project\SourceCode\Dot Net 底層\dot net\VS2008\AcerLibrary\AcerLibrary\bin\Release\Doc\Help\Working\SharedBuilderContent.xml'.
Info: SharedContentComponent: Found 1 files in SharedBuilderContent.xml.
Info: SharedContentComponent: Loaded 209 shared content items.
Info: ResolveReferenceLinksComponent2: Instantiating component.
Info: ResolveReferenceLinksComponent2: Creating MSDN URL resolver.
Info: ResolveReferenceLinksComponent2: Searching directory 'C:\Program Files\Sandcastle\Data\Reflection' for targets files of the form '*.xml'.
Info: ResolveReferenceLinksComponent2: Searching directory 'D:\Project\SourceCode\Dot Net 底層\dot net\VS2008\AcerLibrary\AcerLibrary\bin\Release\Doc\Help\Working' for targets files of the form 'reflection.xml'.
Info: ResolveReferenceLinksComponent2: Loaded 189036 reference targets.
Info: SaveComponent: Instantiating component.
Info: BuildAssembler: Building topic N:Acer.Ajax
Info: BuildAssembler: Building topic T:Acer.Ajax.ErrorLog
Info: BuildAssembler: Building topic M:Acer.Ajax.ErrorLog.#ctor
Info: ShowMissingComponent: Auto-documenting constructor M:Acer.Ajax.ErrorLog.#ctor
Info: BuildAssembler: Building topic M:Acer.Ajax.ErrorLog.DoCall
Info: BuildAssembler: Building topic T:Acer.Ajax.LoadScript
Info: BuildAssembler: Building topic M:Acer.Ajax.LoadScript.#ctor
Info: ShowMissingComponent: Auto-documenting constructor M:Acer.Ajax.LoadScript.#ctor
Info: BuildAssembler: Building topic M:Acer.Ajax.LoadScript.DoCall
Info: BuildAssembler: Building topic N:Acer.Apps
Info: BuildAssembler: Building topic T:Acer.Apps.APConfig
Info: BuildAssembler: Building topic M:Acer.Apps.APConfig.GetProperty(System.String)
Info: BuildAssembler: Building topic M:Acer.Apps.APConfig.Init
Info: BuildAssembler: Building topic P:Acer.Apps.APConfig.RealPath
Info: BuildAssembler: Building topic T:Acer.Apps.DBManagerInfo
Info: BuildAssembler: Building topic M:Acer.Apps.DBManagerInfo.#ctor
Info: ShowMissingComponent: Auto-documenting constructor M:Acer.Apps.DBManagerInfo.#ctor
Info: BuildAssembler: Building topic M:Acer.Apps.DBManagerInfo.AddCount(System.String)
Info: BuildAssembler: Building topic M:Acer.Apps.DBManagerInfo.DoCall
Info: BuildAssembler: Building topic M:Acer.Apps.DBManagerInfo.GetCount(System.String)
Info: BuildAssembler: Building topic M:Acer.Apps.DBManagerInfo.LogCount
Info: BuildAssembler: Building topic N:Acer.Base
Info: BuildAssembler: Building topic T:Acer.Base.BusinessBase
Info: BuildAssembler: Building topic M:Acer.Base.BusinessBase.#ctor(Acer.DB.DBManager,Acer.Log.LogUtil)
Info: BuildAssembler: Building topic P:Acer.Base.BusinessBase.DBManager
Info: BuildAssembler: Building topic P:Acer.Base.BusinessBase.Logger
Info: BuildAssembler: Building topic P:Acer.Base.BusinessBase.LogUtil
Info: BuildAssembler: Building topic P:Acer.Base.BusinessBase.PropertyMap
Info: BuildAssembler: Building topic T:Acer.Base.EntityBase
Info: BuildAssembler: Building topic Overload:Acer.Base.EntityBase.#ctor
Info: BuildAssembler: Building topic Overload:Acer.Base.EntityBase.Query
Info: BuildAssembler: Building topic M:Acer.Base.EntityBase.#ctor(Acer.DB.DBManager,Acer.Log.LogUtil)
Info: BuildAssembler: Building topic M:Acer.Base.EntityBase.#ctor(System.Data.DataTable)
Info: BuildAssembler: Building topic P:Acer.Base.EntityBase.ColumnyMap
Info: BuildAssembler: Building topic P:Acer.Base.EntityBase.ConnName
Info: BuildAssembler: Building topic P:Acer.Base.EntityBase.CurrentUserId
Info: BuildAssembler: Building topic P:Acer.Base.EntityBase.DBManager
Info: BuildAssembler: Building topic M:Acer.Base.EntityBase.Delete
Warn: ShowMissingComponent: Missing <returns> documentation for M:Acer.Base.EntityBase.Delete
Info: BuildAssembler: Building topic M:Acer.Base.EntityBase.Insert
Info: BuildAssembler: Building topic P:Acer.Base.EntityBase.Logger
Info: BuildAssembler: Building topic P:Acer.Base.EntityBase.LogUtil
Info: BuildAssembler: Building topic M:Acer.Base.EntityBase.PrepareProperty(System.Int32)
Info: BuildAssembler: Building topic P:Acer.Base.EntityBase.PropertyMap
Info: BuildAssembler: Building topic M:Acer.Base.EntityBase.Query
Info: BuildAssembler: Building topic M:Acer.Base.EntityBase.Query(System.Int32,System.Int32)
Info: BuildAssembler: Building topic P:Acer.Base.EntityBase.ROWSTAMP
Info: BuildAssembler: Building topic M:Acer.Base.EntityBase.Sequence
Info: BuildAssembler: Building topic M:Acer.Base.EntityBase.SetUserId(System.String)
Info: BuildAssembler: Building topic M:Acer.Base.EntityBase.SqlOrderBy(System.String)
Info: BuildAssembler: Building topic M:Acer.Base.EntityBase.SqlRetrictions(System.String)
Info: BuildAssembler: Building topic P:Acer.Base.EntityBase.TableName
Info: BuildAssembler: Building topic M:Acer.Base.EntityBase.TotalRowCount
Info: BuildAssembler: Building topic P:Acer.Base.EntityBase.UPD_DATE
Info: BuildAssembler: Building topic P:Acer.Base.EntityBase.UPD_TIME
Info: BuildAssembler: Building topic P:Acer.Base.EntityBase.UPD_USER_ID
Info: BuildAssembler: Building topic M:Acer.Base.EntityBase.Update
Warn: ShowMissingComponent: Missing <returns> documentation for M:Acer.Base.EntityBase.Update
Info: BuildAssembler: Building topic T:Acer.Base.FMBase
Info: BuildAssembler: Building topic M:Acer.Base.FMBase.#ctor(Acer.Base.PageBase)
Info: BuildAssembler: Building topic P:Acer.Base.FMBase.Application
Info: BuildAssembler: Building topic M:Acer.Base.FMBase.CheckBox(System.String)
Info: BuildAssembler: Building topic M:Acer.Base.FMBase.CheckBoxList(System.String)
Warn: ResolveReferenceLinksComponent2: MSDN URL not found for target 'T:System.Web.UI.WebControls.CheckBoxList'.
Info: BuildAssembler: Building topic P:Acer.Base.FMBase.DBManager
Info: BuildAssembler: Building topic M:Acer.Base.FMBase.DropDownList(System.String)
Info: BuildAssembler: Building topic M:Acer.Base.FMBase.GetFromCondition(System.String)
Info: BuildAssembler: Building topic M:Acer.Base.FMBase.HiddenField(System.String)
Info: BuildAssembler: Building topic M:Acer.Base.FMBase.ListBox(System.String)
Info: BuildAssembler: Building topic P:Acer.Base.FMBase.Logger
Info: BuildAssembler: Building topic P:Acer.Base.FMBase.LogUtil
Info: BuildAssembler: Building topic P:Acer.Base.FMBase.Page
Info: BuildAssembler: Building topic M:Acer.Base.FMBase.PageControlPageNo(System.String)
Warn: ShowMissingComponent: Missing <returns> documentation for M:Acer.Base.FMBase.PageControlPageNo(System.String)
Warn: ShowMissingComponent: Missing <param name="defaultPageControlId"> documentation for M:Acer.Base.FMBase.PageControlPageNo(System.String)
Info: BuildAssembler: Building topic M:Acer.Base.FMBase.PageControlPageSize(System.String)
Warn: ShowMissingComponent: Missing <returns> documentation for M:Acer.Base.FMBase.PageControlPageSize(System.String)
Warn: ShowMissingComponent: Missing <param name="defaultPageControlId"> documentation for M:Acer.Base.FMBase.PageControlPageSize(System.String)
Info: BuildAssembler: Building topic P:Acer.Base.FMBase.PageNo
Info: BuildAssembler: Building topic P:Acer.Base.FMBase.PageSize
Info: BuildAssembler: Building topic P:Acer.Base.FMBase.PropertyMap
Info: BuildAssembler: Building topic M:Acer.Base.FMBase.RadioButton(System.String)
Info: BuildAssembler: Building topic M:Acer.Base.FMBase.RadioButtonList(System.String)
Info: BuildAssembler: Building topic P:Acer.Base.FMBase.Request
Info: BuildAssembler: Building topic P:Acer.Base.FMBase.Response
Info: BuildAssembler: Building topic P:Acer.Base.FMBase.ResultData
Info: BuildAssembler: Building topic P:Acer.Base.FMBase.Session
Info: BuildAssembler: Building topic M:Acer.Base.FMBase.TextBox(System.String)
Info: BuildAssembler: Building topic P:Acer.Base.FMBase.TotalRowCount
Info: BuildAssembler: Building topic P:Acer.Base.FMBase.UpdateCount
Info: BuildAssembler: Building topic M:Acer.Base.FMBase.UserControl(System.String)
Info: BuildAssembler: Building topic T:Acer.Base.IEntityInterface
Info: BuildAssembler: Building topic Overload:Acer.Base.IEntityInterface.Query
Info: BuildAssembler: Building topic M:Acer.Base.IEntityInterface.Delete
Info: BuildAssembler: Building topic M:Acer.Base.IEntityInterface.Insert
Info: BuildAssembler: Building topic M:Acer.Base.IEntityInterface.PrepareProperty(System.Int32)
Info: BuildAssembler: Building topic M:Acer.Base.IEntityInterface.Query
Info: BuildAssembler: Building topic M:Acer.Base.IEntityInterface.Query(System.Int32,System.Int32)
Info: BuildAssembler: Building topic M:Acer.Base.IEntityInterface.Sequence
Info: BuildAssembler: Building topic M:Acer.Base.IEntityInterface.SetUserId(System.String)
Info: BuildAssembler: Building topic M:Acer.Base.IEntityInterface.SqlOrderBy(System.String)
Info: BuildAssembler: Building topic M:Acer.Base.IEntityInterface.SqlRetrictions(System.String)
Info: BuildAssembler: Building topic M:Acer.Base.IEntityInterface.TotalRowCount
Info: BuildAssembler: Building topic M:Acer.Base.IEntityInterface.Update
Info: BuildAssembler: Building topic T:Acer.Base.PageBase
Warn: ResolveReferenceLinksComponent2: Unknown reference link target 'M:System.Web.UI.TemplateControl.ParseControl(System.String,System.Boolean)'.
Info: BuildAssembler: Building topic Overload:Acer.Base.PageBase.FindControl
Info: BuildAssembler: Building topic Overload:Acer.Base.PageBase.SetFocus
Info: BuildAssembler: Building topic Overload:Acer.Base.PageBase.GetPostBackEventReference
Info: BuildAssembler: Building topic Overload:Acer.Base.PageBase.InitOutputCache
Info: BuildAssembler: Building topic Overload:Acer.Base.PageBase.AddOnPreRenderCompleteAsync
Info: BuildAssembler: Building topic Overload:Acer.Base.PageBase.Validate
Info: BuildAssembler: Building topic Overload:Acer.Base.PageBase.LoadControl
Info: BuildAssembler: Building topic Overload:Acer.Base.PageBase.ParseControl
Warn: ResolveReferenceLinksComponent2: Unknown reference link target 'M:System.Web.UI.TemplateControl.ParseControl(System.String,System.Boolean)'.
Info: BuildAssembler: Building topic Overload:Acer.Base.PageBase.Eval
Info: BuildAssembler: Building topic Overload:Acer.Base.PageBase.XPath
Info: BuildAssembler: Building topic Overload:Acer.Base.PageBase.XPathSelect
Info: BuildAssembler: Building topic Overload:Acer.Base.PageBase.GetLocalResourceObject
Info: BuildAssembler: Building topic Overload:Acer.Base.PageBase.GetGlobalResourceObject
Info: BuildAssembler: Building topic Overload:Acer.Base.PageBase.DataBind
Info: BuildAssembler: Building topic Overload:Acer.Base.PageBase.RenderControl
Info: BuildAssembler: Building topic M:Acer.Base.PageBase.#ctor
Info: ShowMissingComponent: Auto-documenting constructor M:Acer.Base.PageBase.#ctor
Info: BuildAssembler: Building topic P:Acer.Base.PageBase.AjaxErrLog
Info: BuildAssembler: Building topic M:Acer.Base.PageBase.AjaxError
Info: BuildAssembler: Building topic M:Acer.Base.PageBase.BindUIByDataTable(System.Data.DataTable)
Info: BuildAssembler: Building topic F:Acer.Base.PageBase.ColumnDDMap
Info: BuildAssembler: Building topic P:Acer.Base.PageBase.DBManager
Info: BuildAssembler: Building topic M:Acer.Base.PageBase.GetControlHtml(System.Web.UI.WebControls.WebControl)
Warn: ShowMissingComponent: Missing <returns> documentation for M:Acer.Base.PageBase.GetControlHtml(System.Web.UI.WebControls.WebControl)
Info: BuildAssembler: Building topic M:Acer.Base.PageBase.GetKeyValueByGridCheckBox(System.Web.UI.WebControls.GridView,System.String)
Info: BuildAssembler: Building topic M:Acer.Base.PageBase.GetKeyValueByGridRow(System.Web.UI.WebControls.GridView,System.Int32)
Info: BuildAssembler: Building topic P:Acer.Base.PageBase.IsListShow
Info: BuildAssembler: Building topic P:Acer.Base.PageBase.JScript
Info: BuildAssembler: Building topic P:Acer.Base.PageBase.LangUtil
Info: BuildAssembler: Building topic P:Acer.Base.PageBase.Logger
Info: BuildAssembler: Building topic P:Acer.Base.PageBase.LogUtil
Info: BuildAssembler: Building topic M:Acer.Base.PageBase.MapRequestToUIControl(System.Web.UI.Page)
Warn: ShowMissingComponent: Missing <param name="page"> documentation for M:Acer.Base.PageBase.MapRequestToUIControl(System.Web.UI.Page)
Info: BuildAssembler: Building topic M:Acer.Base.PageBase.OnError(System.EventArgs)
Warn: ShowMissingComponent: Missing <param name="e"> documentation for M:Acer.Base.PageBase.OnError(System.EventArgs)
Info: BuildAssembler: Building topic M:Acer.Base.PageBase.OnLoad(System.EventArgs)
Warn: ShowMissingComponent: Missing <param name="e"> documentation for M:Acer.Base.PageBase.OnLoad(System.EventArgs)
Info: BuildAssembler: Building topic M:Acer.Base.PageBase.OnLoadComplete(System.EventArgs)
Warn: ShowMissingComponent: Missing <param name="e"> documentation for M:Acer.Base.PageBase.OnLoadComplete(System.EventArgs)
Info: BuildAssembler: Building topic M:Acer.Base.PageBase.OnPreInit(System.EventArgs)
Warn: ShowMissingComponent: Missing <param name="e"> documentation for M:Acer.Base.PageBase.OnPreInit(System.EventArgs)
Info: BuildAssembler: Building topic M:Acer.Base.PageBase.OnPreRender(System.EventArgs)
Warn: ShowMissingComponent: Missing <param name="e"> documentation for M:Acer.Base.PageBase.OnPreRender(System.EventArgs)
Info: BuildAssembler: Building topic P:Acer.Base.PageBase.PageID
Info: BuildAssembler: Building topic P:Acer.Base.PageBase.PageRangeSize
Info: BuildAssembler: Building topic M:Acer.Base.PageBase.PrepareEditKeyToUI(System.Web.UI.WebControls.LinkButton)
Info: BuildAssembler: Building topic M:Acer.Base.PageBase.PrepareRowDataBoundEvent(System.Web.UI.WebControls.GridView,System.Web.UI.WebControls.GridViewRow)
Info: BuildAssembler: Building topic M:Acer.Base.PageBase.PrepareRowDataBoundEventFor1_1(System.Web.UI.WebControls.GridView,System.Web.UI.WebControls.GridViewRow)
Info: BuildAssembler: Building topic P:Acer.Base.PageBase.PropertyMap
Info: BuildAssembler: Building topic P:Acer.Base.PageBase.ScriptManager
Warn: ResolveReferenceLinksComponent2: Unknown reference link target 'T:System.Web.UI.ScriptManager'.
Warn: ResolveReferenceLinksComponent2: Unknown reference link target 'T:System.Web.UI.ScriptManager'.
Warn: ResolveReferenceLinksComponent2: Unknown reference link target 'T:System.Web.UI.ScriptManager'.
Warn: ResolveReferenceLinksComponent2: Unknown reference link target 'T:System.Web.UI.ScriptManager'.
Warn: ResolveReferenceLinksComponent2: Unknown reference link target 'T:System.Web.UI.ScriptManager'.
Info: BuildAssembler: Building topic M:Acer.Base.PageBase.SetupGridEvent(System.Web.UI.WebControls.GridView,Acer.Base.PageBase.GridEvent)
Info: BuildAssembler: Building topic T:Acer.Base.PageBase.ColumnDD
Info: BuildAssembler: Building topic P:Acer.Base.PageBase.ColumnDD.ChkType
Info: BuildAssembler: Building topic P:Acer.Base.PageBase.ColumnDD.CName
Info: BuildAssembler: Building topic P:Acer.Base.PageBase.ColumnDD.DBType
Info: BuildAssembler: Building topic P:Acer.Base.PageBase.ColumnDD.Dot
Info: BuildAssembler: Building topic P:Acer.Base.PageBase.ColumnDD.Length
Info: BuildAssembler: Building topic P:Acer.Base.PageBase.ColumnDD.Name
Info: BuildAssembler: Building topic P:Acer.Base.PageBase.ColumnDD.UIType
Info: BuildAssembler: Building topic P:Acer.Base.PageBase.ColumnDD.Valid1
Info: BuildAssembler: Building topic P:Acer.Base.PageBase.ColumnDD.Valid2
Info: BuildAssembler: Building topic T:Acer.Base.PageBase.GridEvent
Info: BuildAssembler: Building topic P:Acer.Base.PageBase.GridEvent.HasGridColorEvent
Info: BuildAssembler: Building topic P:Acer.Base.PageBase.GridEvent.IsColumnFilter
Info: BuildAssembler: Building topic P:Acer.Base.PageBase.GridEvent.IsColumnReSize
Info: BuildAssembler: Building topic T:Acer.Base.UserControlBase
Warn: ResolveReferenceLinksComponent2: Unknown reference link target 'M:System.Web.UI.TemplateControl.ParseControl(System.String,System.Boolean)'.
Info: BuildAssembler: Building topic Overload:Acer.Base.UserControlBase.LoadControl
Info: BuildAssembler: Building topic Overload:Acer.Base.UserControlBase.ParseControl
Warn: ResolveReferenceLinksComponent2: Unknown reference link target 'M:System.Web.UI.TemplateControl.ParseControl(System.String,System.Boolean)'.
Info: BuildAssembler: Building topic Overload:Acer.Base.UserControlBase.Eval
Info: BuildAssembler: Building topic Overload:Acer.Base.UserControlBase.XPath
Info: BuildAssembler: Building topic Overload:Acer.Base.UserControlBase.XPathSelect
Info: BuildAssembler: Building topic Overload:Acer.Base.UserControlBase.GetLocalResourceObject
Info: BuildAssembler: Building topic Overload:Acer.Base.UserControlBase.GetGlobalResourceObject
Info: BuildAssembler: Building topic Overload:Acer.Base.UserControlBase.DataBind
Info: BuildAssembler: Building topic Overload:Acer.Base.UserControlBase.RenderControl
Info: BuildAssembler: Building topic Overload:Acer.Base.UserControlBase.FindControl
Info: BuildAssembler: Building topic M:Acer.Base.UserControlBase.#ctor
Info: ShowMissingComponent: Auto-documenting constructor M:Acer.Base.UserControlBase.#ctor
Info: BuildAssembler: Building topic P:Acer.Base.UserControlBase.DBManager
Info: BuildAssembler: Building topic P:Acer.Base.UserControlBase.JScript
Info: BuildAssembler: Building topic P:Acer.Base.UserControlBase.Logger
Info: BuildAssembler: Building topic P:Acer.Base.UserControlBase.LogUtil
Info: BuildAssembler: Building topic P:Acer.Base.UserControlBase.PropertyMap
Info: BuildAssembler: Building topic N:Acer.DB
Info: BuildAssembler: Building topic T:Acer.DB.DBAccess
Info: BuildAssembler: Building topic Overload:Acer.DB.DBAccess.#ctor
Info: BuildAssembler: Building topic Overload:Acer.DB.DBAccess.SetColumn
Info: BuildAssembler: Building topic M:Acer.DB.DBAccess.#ctor(System.Data.Common.DbConnection,Acer.Log.LogUtil,System.String)
Info: BuildAssembler: Building topic M:Acer.DB.DBAccess.#ctor(System.Data.Common.DbConnection,System.Data.Common.DbTransaction,Acer.Log.LogUtil,System.String)
Info: BuildAssembler: Building topic M:Acer.DB.DBAccess.Delete(System.String)
Info: BuildAssembler: Building topic M:Acer.DB.DBAccess.Execute(System.String)
Info: BuildAssembler: Building topic M:Acer.DB.DBAccess.GetSql
Warn: ShowMissingComponent: Missing <returns> documentation for M:Acer.DB.DBAccess.GetSql
Info: BuildAssembler: Building topic M:Acer.DB.DBAccess.Insert
Info: BuildAssembler: Building topic P:Acer.DB.DBAccess.IsLog
Info: BuildAssembler: Building topic M:Acer.DB.DBAccess.SetClobColumn(System.String,System.Object)
Info: BuildAssembler: Building topic M:Acer.DB.DBAccess.SetColumn(System.String,System.Object)
Info: BuildAssembler: Building topic M:Acer.DB.DBAccess.SetColumn(System.String,System.Object,System.Boolean)
Info: BuildAssembler: Building topic M:Acer.DB.DBAccess.SetTableName(System.String)
Info: BuildAssembler: Building topic M:Acer.DB.DBAccess.Update(System.String)
Info: BuildAssembler: Building topic T:Acer.DB.DBFactory
Info: BuildAssembler: Building topic M:Acer.DB.DBFactory.GetIConnection(System.String)
Info: BuildAssembler: Building topic M:Acer.DB.DBFactory.GetIDBCommand(System.String)
Info: BuildAssembler: Building topic M:Acer.DB.DBFactory.GetIDBCommandBuilder(System.String)
Warn: ShowMissingComponent: Missing <returns> documentation for M:Acer.DB.DBFactory.GetIDBCommandBuilder(System.String)
Info: BuildAssembler: Building topic M:Acer.DB.DBFactory.GetIDBDataAdapter(System.String)
Info: BuildAssembler: Building topic T:Acer.DB.DBManager
Info: BuildAssembler: Building topic Overload:Acer.DB.DBManager.GetIConnection
Info: BuildAssembler: Building topic Overload:Acer.DB.DBManager.Commit
Info: BuildAssembler: Building topic Overload:Acer.DB.DBManager.Rollback
Info: BuildAssembler: Building topic M:Acer.DB.DBManager.#ctor(Acer.Log.LogUtil)
Info: BuildAssembler: Building topic M:Acer.DB.DBManager.Close
Info: BuildAssembler: Building topic M:Acer.DB.DBManager.Commit
Info: BuildAssembler: Building topic M:Acer.DB.DBManager.Commit(System.String)
Info: BuildAssembler: Building topic M:Acer.DB.DBManager.GetDataReader(System.Data.Common.DbConnection,System.String)
Info: BuildAssembler: Building topic M:Acer.DB.DBManager.GetDataSet(System.Data.Common.DbConnection,System.String)
Info: BuildAssembler: Building topic M:Acer.DB.DBManager.GetDBAccess(System.Data.Common.DbConnection)
Info: BuildAssembler: Building topic M:Acer.DB.DBManager.GetDBPageResultSet(System.Data.Common.DbConnection)
Info: BuildAssembler: Building topic M:Acer.DB.DBManager.GetDBTransaction(System.Data.Common.DbConnection)
Info: BuildAssembler: Building topic M:Acer.DB.DBManager.GetDBType(System.Data.Common.DbConnection)
Info: BuildAssembler: Building topic M:Acer.DB.DBManager.GetIConnection(System.String)
Info: BuildAssembler: Building topic M:Acer.DB.DBManager.GetIConnection(System.String,System.Boolean)
Info: BuildAssembler: Building topic M:Acer.DB.DBManager.GetIConnection(System.String,System.String)
Info: BuildAssembler: Building topic M:Acer.DB.DBManager.GetPageDataTable(System.Data.Common.DbConnection,System.String,System.Int32,System.Int32)
Info: BuildAssembler: Building topic M:Acer.DB.DBManager.GetProvider(System.Data.Common.DbConnection)
Info: BuildAssembler: Building topic M:Acer.DB.DBManager.GetResultSet(System.Data.Common.DbConnection)
Info: BuildAssembler: Building topic M:Acer.DB.DBManager.GetRowCount
Info: BuildAssembler: Building topic M:Acer.DB.DBManager.Init
Info: BuildAssembler: Building topic P:Acer.DB.DBManager.Logger
Info: BuildAssembler: Building topic P:Acer.DB.DBManager.LogUtil
Info: BuildAssembler: Building topic M:Acer.DB.DBManager.MustHaveTransaction(System.String)
Info: BuildAssembler: Building topic P:Acer.DB.DBManager.MustHaveTransactions
Info: BuildAssembler: Building topic M:Acer.DB.DBManager.Rollback
Info: BuildAssembler: Building topic M:Acer.DB.DBManager.Rollback(System.String)
Info: BuildAssembler: Building topic N:Acer.DB.Query
Info: BuildAssembler: Building topic T:Acer.DB.Query.DBPageResultSet
Info: BuildAssembler: Building topic Overload:Acer.DB.Query.DBPageResultSet.ExecuteQuery
Info: BuildAssembler: Building topic Overload:Acer.DB.Query.DBPageResultSet.GetString
Info: BuildAssembler: Building topic Overload:Acer.DB.Query.DBPageResultSet.GetInt
Info: BuildAssembler: Building topic Overload:Acer.DB.Query.DBPageResultSet.GetLong
Info: BuildAssembler: Building topic Overload:Acer.DB.Query.DBPageResultSet.GetDouble
Info: BuildAssembler: Building topic M:Acer.DB.Query.DBPageResultSet.#ctor(System.Data.Common.DbConnection,System.Data.Common.DbTransaction,Acer.Log.LogUtil,System.String,System.String)
Info: BuildAssembler: Building topic M:Acer.DB.Query.DBPageResultSet.ExecuteQuery(System.String,System.Int32,System.Int32)
Info: BuildAssembler: Building topic M:Acer.DB.Query.DBPageResultSet.GetDataTable(System.String,System.Int32,System.Int32)
Warn: ShowMissingComponent: Missing <returns> documentation for M:Acer.DB.Query.DBPageResultSet.GetDataTable(System.String,System.Int32,System.Int32)
Info: BuildAssembler: Building topic M:Acer.DB.Query.DBPageResultSet.GetPageSqlStatement(System.String,System.Int32,System.Int32)
Info: BuildAssembler: Building topic M:Acer.DB.Query.DBPageResultSet.GetTotalCountSql(System.String)
Info: BuildAssembler: Building topic M:Acer.DB.Query.DBPageResultSet.GetTotalRowCount
Info: BuildAssembler: Building topic T:Acer.DB.Query.DBResultSet
Info: BuildAssembler: Building topic Overload:Acer.DB.Query.DBResultSet.ExecuteQuery
Info: BuildAssembler: Building topic Overload:Acer.DB.Query.DBResultSet.GetString
Info: BuildAssembler: Building topic Overload:Acer.DB.Query.DBResultSet.GetInt
Info: BuildAssembler: Building topic Overload:Acer.DB.Query.DBResultSet.GetLong
Info: BuildAssembler: Building topic Overload:Acer.DB.Query.DBResultSet.GetDouble
Info: BuildAssembler: Building topic M:Acer.DB.Query.DBResultSet.#ctor(System.Data.Common.DbConnection,System.Data.Common.DbTransaction,Acer.Log.LogUtil,System.String)
Info: BuildAssembler: Building topic M:Acer.DB.Query.DBResultSet.Absolute(System.Int32,System.Int32)
Info: BuildAssembler: Building topic M:Acer.DB.Query.DBResultSet.BinaryToFile(System.Int32,System.String)
Info: BuildAssembler: Building topic M:Acer.DB.Query.DBResultSet.BinaryToWeb(System.Int32)
Info: BuildAssembler: Building topic M:Acer.DB.Query.DBResultSet.Close
Info: BuildAssembler: Building topic F:Acer.DB.Query.DBResultSet.columnCount
Info: BuildAssembler: Building topic M:Acer.DB.Query.DBResultSet.ExecuteQuery(System.String)
Info: BuildAssembler: Building topic M:Acer.DB.Query.DBResultSet.ExecuteQuery(System.String,System.Boolean)
Info: BuildAssembler: Building topic M:Acer.DB.Query.DBResultSet.GetColumnCount
Warn: ShowMissingComponent: Missing <returns> documentation for M:Acer.DB.Query.DBResultSet.GetColumnCount
Info: BuildAssembler: Building topic M:Acer.DB.Query.DBResultSet.GetColumnName(System.Int32)
Info: BuildAssembler: Building topic M:Acer.DB.Query.DBResultSet.GetDataReader(System.String)
Info: BuildAssembler: Building topic M:Acer.DB.Query.DBResultSet.GetDataSet(System.String)
Info: BuildAssembler: Building topic M:Acer.DB.Query.DBResultSet.GetDouble(System.Int32)
Info: BuildAssembler: Building topic M:Acer.DB.Query.DBResultSet.GetDouble(System.String)
Info: BuildAssembler: Building topic M:Acer.DB.Query.DBResultSet.GetInt(System.Int32)
Info: BuildAssembler: Building topic M:Acer.DB.Query.DBResultSet.GetInt(System.String)
Info: BuildAssembler: Building topic M:Acer.DB.Query.DBResultSet.GetLong(System.Int32)
Info: BuildAssembler: Building topic M:Acer.DB.Query.DBResultSet.GetLong(System.String)
Info: BuildAssembler: Building topic M:Acer.DB.Query.DBResultSet.GetMetaData
Info: BuildAssembler: Building topic M:Acer.DB.Query.DBResultSet.GetString(System.Int32)
Info: BuildAssembler: Building topic M:Acer.DB.Query.DBResultSet.GetString(System.String)
Info: BuildAssembler: Building topic P:Acer.DB.Query.DBResultSet.IsLog
Info: BuildAssembler: Building topic P:Acer.DB.Query.DBResultSet.Logger
Info: BuildAssembler: Building topic P:Acer.DB.Query.DBResultSet.LogUtil
Info: BuildAssembler: Building topic M:Acer.DB.Query.DBResultSet.Next
Info: BuildAssembler: Building topic F:Acer.DB.Query.DBResultSet.pPropertyMap
Info: BuildAssembler: Building topic P:Acer.DB.Query.DBResultSet.PropertyMap
Info: BuildAssembler: Building topic T:Acer.DB.Query.IDBResult
Info: BuildAssembler: Building topic Overload:Acer.DB.Query.IDBResult.ExecuteQuery
Info: BuildAssembler: Building topic Overload:Acer.DB.Query.IDBResult.GetString
Info: BuildAssembler: Building topic Overload:Acer.DB.Query.IDBResult.GetInt
Info: BuildAssembler: Building topic Overload:Acer.DB.Query.IDBResult.GetLong
Info: BuildAssembler: Building topic Overload:Acer.DB.Query.IDBResult.GetDouble
Info: BuildAssembler: Building topic M:Acer.DB.Query.IDBResult.BinaryToFile(System.Int32,System.String)
Info: BuildAssembler: Building topic M:Acer.DB.Query.IDBResult.BinaryToWeb(System.Int32)
Info: BuildAssembler: Building topic M:Acer.DB.Query.IDBResult.Close
Info: BuildAssembler: Building topic M:Acer.DB.Query.IDBResult.ExecuteQuery(System.String)
Info: BuildAssembler: Building topic M:Acer.DB.Query.IDBResult.ExecuteQuery(System.String,System.Boolean)
Info: BuildAssembler: Building topic M:Acer.DB.Query.IDBResult.GetColumnCount
Info: BuildAssembler: Building topic M:Acer.DB.Query.IDBResult.GetColumnName(System.Int32)
Info: BuildAssembler: Building topic M:Acer.DB.Query.IDBResult.GetDataReader(System.String)
Info: BuildAssembler: Building topic M:Acer.DB.Query.IDBResult.GetDataSet(System.String)
Info: BuildAssembler: Building topic M:Acer.DB.Query.IDBResult.GetDouble(System.Int32)
Info: BuildAssembler: Building topic M:Acer.DB.Query.IDBResult.GetDouble(System.String)
Info: BuildAssembler: Building topic M:Acer.DB.Query.IDBResult.GetInt(System.Int32)
Info: BuildAssembler: Building topic M:Acer.DB.Query.IDBResult.GetInt(System.String)
Info: BuildAssembler: Building topic M:Acer.DB.Query.IDBResult.GetLong(System.Int32)
Info: BuildAssembler: Building topic M:Acer.DB.Query.IDBResult.GetLong(System.String)
Info: BuildAssembler: Building topic M:Acer.DB.Query.IDBResult.GetString(System.Int32)
Info: BuildAssembler: Building topic M:Acer.DB.Query.IDBResult.GetString(System.String)
Info: BuildAssembler: Building topic M:Acer.DB.Query.IDBResult.Next
Info: BuildAssembler: Building topic N:Acer.Err
Info: BuildAssembler: Building topic T:Acer.Err.ErrUtil
Info: BuildAssembler: Building topic M:Acer.Err.ErrUtil.#ctor
Info: ShowMissingComponent: Auto-documenting constructor M:Acer.Err.ErrUtil.#ctor
Info: BuildAssembler: Building topic M:Acer.Err.ErrUtil.ErrToStr(System.Exception)
Info: BuildAssembler: Building topic M:Acer.Err.ErrUtil.GetPageError(System.Exception)
Info: BuildAssembler: Building topic M:Acer.Err.ErrUtil.HandlePageError(System.Exception)
Info: BuildAssembler: Building topic N:Acer.File
Info: BuildAssembler: Building topic T:Acer.File.FileUtil
Info: BuildAssembler: Building topic Overload:Acer.File.FileUtil.ReadFile
Info: BuildAssembler: Building topic M:Acer.File.FileUtil.#ctor
Info: ShowMissingComponent: Auto-documenting constructor M:Acer.File.FileUtil.#ctor
Info: BuildAssembler: Building topic M:Acer.File.FileUtil.AppendFile(System.String,System.String,System.Text.Encoding)
Info: BuildAssembler: Building topic M:Acer.File.FileUtil.CreateDir(System.String)
Info: BuildAssembler: Building topic M:Acer.File.FileUtil.CreateFile(System.String)
Info: BuildAssembler: Building topic M:Acer.File.FileUtil.DelFile(System.String)
Info: BuildAssembler: Building topic M:Acer.File.FileUtil.FileExists(System.String)
Info: BuildAssembler: Building topic M:Acer.File.FileUtil.GetFileName(System.String)
Info: BuildAssembler: Building topic M:Acer.File.FileUtil.GetFileSize(System.String)
Info: BuildAssembler: Building topic M:Acer.File.FileUtil.GetFolderName(System.String)
Info: BuildAssembler: Building topic M:Acer.File.FileUtil.LastSeparator(System.String)
Info: BuildAssembler: Building topic M:Acer.File.FileUtil.MoveFile(System.String,System.String)
Info: BuildAssembler: Building topic M:Acer.File.FileUtil.ReadFile(System.String,System.String,System.Text.Encoding)
Info: BuildAssembler: Building topic M:Acer.File.FileUtil.ReadFile(System.String,System.Text.Encoding)
Info: BuildAssembler: Building topic P:Acer.File.FileUtil.RootPath
Info: BuildAssembler: Building topic M:Acer.File.FileUtil.WriteFile(System.String,System.Collections.ArrayList,System.Text.Encoding)
Info: BuildAssembler: Building topic N:Acer.Form
Info: BuildAssembler: Building topic T:Acer.Form.DataDictionaryUtil
Info: BuildAssembler: Building topic M:Acer.Form.DataDictionaryUtil.#ctor
Info: ShowMissingComponent: Auto-documenting constructor M:Acer.Form.DataDictionaryUtil.#ctor
Info: BuildAssembler: Building topic M:Acer.Form.DataDictionaryUtil.InitDataDictionary(Acer.DB.DBManager)
Warn: ShowMissingComponent: Missing <param name="dbManager"> documentation for M:Acer.Form.DataDictionaryUtil.InitDataDictionary(Acer.DB.DBManager)
Info: BuildAssembler: Building topic T:Acer.Form.FormUtil
Info: BuildAssembler: Building topic M:Acer.Form.FormUtil.#ctor
Info: ShowMissingComponent: Auto-documenting constructor M:Acer.Form.FormUtil.#ctor
Info: BuildAssembler: Building topic P:Acer.Form.FormUtil.Application
Info: BuildAssembler: Building topic M:Acer.Form.FormUtil.BindDropDownList(System.Web.UI.WebControls.DropDownList,System.Object,System.String,System.String,Acer.Form.FormUtil.UIType,System.Boolean)
Info: BuildAssembler: Building topic M:Acer.Form.FormUtil.CheckControlByType(System.Web.UI.Control,System.String)
Info: BuildAssembler: Building topic M:Acer.Form.FormUtil.ControlEnabled(System.Web.UI.Control,System.Boolean)
Info: BuildAssembler: Building topic M:Acer.Form.FormUtil.FindControlByType(System.Web.UI.Control,System.String)
Info: BuildAssembler: Building topic M:Acer.Form.FormUtil.FindHasValidationGroupControls(System.Web.UI.Control,System.Collections.ArrayList)
Info: BuildAssembler: Building topic M:Acer.Form.FormUtil.FindUIDDControls(System.Web.UI.Control,System.Collections.ArrayList)
Info: BuildAssembler: Building topic M:Acer.Form.FormUtil.FindUIMLControls(System.Web.UI.Control,System.Collections.ArrayList)
Info: BuildAssembler: Building topic M:Acer.Form.FormUtil.FindUserControls(System.Web.UI.Control,System.Collections.ArrayList)
Info: BuildAssembler: Building topic M:Acer.Form.FormUtil.GetAttributeData(System.Object,System.String)
Warn: ShowMissingComponent: Missing <returns> documentation for M:Acer.Form.FormUtil.GetAttributeData(System.Object,System.String)
Warn: ShowMissingComponent: Missing <param name="control"> documentation for M:Acer.Form.FormUtil.GetAttributeData(System.Object,System.String)
Warn: ShowMissingComponent: Missing <param name="arg"> documentation for M:Acer.Form.FormUtil.GetAttributeData(System.Object,System.String)
Info: BuildAssembler: Building topic M:Acer.Form.FormUtil.GetControlValidationGroupData(System.Web.UI.Control)
Info: BuildAssembler: Building topic M:Acer.Form.FormUtil.GetControlValue(System.Web.UI.Control)
Warn: ShowMissingComponent: Missing <returns> documentation for M:Acer.Form.FormUtil.GetControlValue(System.Web.UI.Control)
Info: BuildAssembler: Building topic M:Acer.Form.FormUtil.GetGridCondition(System.String)
Info: BuildAssembler: Building topic M:Acer.Form.FormUtil.HasSession
Info: BuildAssembler: Building topic P:Acer.Form.FormUtil.Request
Info: BuildAssembler: Building topic P:Acer.Form.FormUtil.Response
Info: BuildAssembler: Building topic P:Acer.Form.FormUtil.Server
Info: BuildAssembler: Building topic P:Acer.Form.FormUtil.Session
Info: BuildAssembler: Building topic M:Acer.Form.FormUtil.SetAttributeData(System.Object,System.String,System.String)
Info: BuildAssembler: Building topic M:Acer.Form.FormUtil.SetControlValue(System.Web.UI.Control,System.Object)
Info: BuildAssembler: Building topic M:Acer.Form.FormUtil.SetDropdownListEmptyList(System.Web.UI.WebControls.DropDownList,Acer.Form.FormUtil.UIType)
Info: BuildAssembler: Building topic M:Acer.Form.FormUtil.ToKeyObject
Info: BuildAssembler: Building topic T:Acer.Form.FormUtil.UIType
Info: BuildAssembler: Building topic T:Acer.Form.JScript
Info: BuildAssembler: Building topic Overload:Acer.Form.JScript.OpenSuccess
Info: BuildAssembler: Building topic M:Acer.Form.JScript.#ctor(Acer.Log.MyLogger)
Info: BuildAssembler: Building topic M:Acer.Form.JScript.Alert(System.String)
Info: BuildAssembler: Building topic M:Acer.Form.JScript.ButtonPermission
Info: BuildAssembler: Building topic M:Acer.Form.JScript.ChkForm(System.Web.UI.Control,System.String)
Info: BuildAssembler: Building topic M:Acer.Form.JScript.DisableAll(System.Boolean)
Info: BuildAssembler: Building topic M:Acer.Form.JScript.ExecAjaxClientScript(System.Web.UI.Page)
Info: BuildAssembler: Building topic M:Acer.Form.JScript.ExecClientScript(System.Web.UI.Page)
Warn: ShowMissingComponent: Missing <param name="page"> documentation for M:Acer.Form.JScript.ExecClientScript(System.Web.UI.Page)
Info: BuildAssembler: Building topic M:Acer.Form.JScript.HideProcess
Info: BuildAssembler: Building topic M:Acer.Form.JScript.IniFormColor
Info: BuildAssembler: Building topic M:Acer.Form.JScript.IniFormSet(System.Web.UI.Control,System.String[])
Info: BuildAssembler: Building topic P:Acer.Form.JScript.Logger
Info: BuildAssembler: Building topic M:Acer.Form.JScript.OpenSuccess(System.String)
Info: BuildAssembler: Building topic M:Acer.Form.JScript.OpenSuccess(System.String,System.String)
Info: BuildAssembler: Building topic P:Acer.Form.JScript.PropertyMap
Info: BuildAssembler: Building topic P:Acer.Form.JScript.Script
Info: BuildAssembler: Building topic M:Acer.Form.JScript.SetGridEvent(System.String)
Warn: ShowMissingComponent: Missing <param name="gridId"> documentation for M:Acer.Form.JScript.SetGridEvent(System.String)
Info: BuildAssembler: Building topic M:Acer.Form.JScript.ShowHidwLabel(System.Web.UI.Control,System.Boolean)
Info: BuildAssembler: Building topic M:Acer.Form.JScript.ShowMessage(System.String)
Info: BuildAssembler: Building topic T:Acer.Form.JScript.Ctrl
Info: BuildAssembler: Building topic P:Acer.Form.JScript.Ctrl.AutoTab
Info: BuildAssembler: Building topic P:Acer.Form.JScript.Ctrl.DateFormat
Info: BuildAssembler: Building topic P:Acer.Form.JScript.Ctrl.DecimalFormat
Info: BuildAssembler: Building topic P:Acer.Form.JScript.Ctrl.DefaultValue
Info: BuildAssembler: Building topic P:Acer.Form.JScript.Ctrl.Disable
Info: BuildAssembler: Building topic P:Acer.Form.JScript.Ctrl.FillString
Info: BuildAssembler: Building topic P:Acer.Form.JScript.Ctrl.Focus
Info: BuildAssembler: Building topic P:Acer.Form.JScript.Ctrl.FullString
Info: BuildAssembler: Building topic P:Acer.Form.JScript.Ctrl.IdnBan
Info: BuildAssembler: Building topic P:Acer.Form.JScript.Ctrl.LowerCase
Info: BuildAssembler: Building topic P:Acer.Form.JScript.Ctrl.MaxLength
Info: BuildAssembler: Building topic P:Acer.Form.JScript.Ctrl.NameOrAddress
Info: BuildAssembler: Building topic P:Acer.Form.JScript.Ctrl.NumberFormat
Info: BuildAssembler: Building topic P:Acer.Form.JScript.Ctrl.NumberRange
Info: BuildAssembler: Building topic P:Acer.Form.JScript.Ctrl.OnlyNumber
Info: BuildAssembler: Building topic P:Acer.Form.JScript.Ctrl.OnlyNumberAndEnglish
Info: BuildAssembler: Building topic P:Acer.Form.JScript.Ctrl.OnlyNumberEngAndSpecialWord
Info: BuildAssembler: Building topic P:Acer.Form.JScript.Ctrl.ReadOnly
Info: BuildAssembler: Building topic P:Acer.Form.JScript.Ctrl.Size
Info: BuildAssembler: Building topic P:Acer.Form.JScript.Ctrl.StyleSize
Info: BuildAssembler: Building topic P:Acer.Form.JScript.Ctrl.TimeFormat
Info: BuildAssembler: Building topic P:Acer.Form.JScript.Ctrl.UpperCase
Info: BuildAssembler: Building topic P:Acer.Form.JScript.Ctrl.Value
Info: BuildAssembler: Building topic T:Acer.Form.LangUtil
Info: BuildAssembler: Building topic M:Acer.Form.LangUtil.#ctor(Acer.Log.MyLogger,Acer.DB.DBManager)
Info: BuildAssembler: Building topic M:Acer.Form.LangUtil.LangMap(System.String)
Info: BuildAssembler: Building topic N:Acer.Log
Info: BuildAssembler: Building topic T:Acer.Log.ClientLog
Info: BuildAssembler: Building topic M:Acer.Log.ClientLog.#ctor
Info: ShowMissingComponent: Auto-documenting constructor M:Acer.Log.ClientLog.#ctor
Info: BuildAssembler: Building topic M:Acer.Log.ClientLog.Log(System.String)
Info: BuildAssembler: Building topic T:Acer.Log.LogUtil
Info: BuildAssembler: Building topic M:Acer.Log.LogUtil.#ctor
Info: BuildAssembler: Building topic M:Acer.Log.LogUtil.DoLog
Info: BuildAssembler: Building topic P:Acer.Log.LogUtil.Logger
Info: BuildAssembler: Building topic P:Acer.Log.LogUtil.LogPropMap
Info: BuildAssembler: Building topic M:Acer.Log.LogUtil.MethodEnd(System.String)
Info: BuildAssembler: Building topic M:Acer.Log.LogUtil.MethodStart(System.String)
Info: BuildAssembler: Building topic P:Acer.Log.LogUtil.PropertyMap
Info: BuildAssembler: Building topic M:Acer.Log.LogUtil.TraceEnd(System.String)
Info: BuildAssembler: Building topic M:Acer.Log.LogUtil.TraceStart(System.String)
Info: BuildAssembler: Building topic T:Acer.Log.LogUtil.PointType
Info: BuildAssembler: Building topic T:Acer.Log.MyLogger
Info: BuildAssembler: Building topic Overload:Acer.Log.MyLogger.Append
Info: BuildAssembler: Building topic Overload:Acer.Log.MyLogger.Log
Info: BuildAssembler: Building topic M:Acer.Log.MyLogger.#ctor(System.String)
Info: BuildAssembler: Building topic M:Acer.Log.MyLogger.Append(System.Char)
Info: BuildAssembler: Building topic M:Acer.Log.MyLogger.Append(System.Double)
Info: BuildAssembler: Building topic M:Acer.Log.MyLogger.Append(System.Int32)
Info: BuildAssembler: Building topic M:Acer.Log.MyLogger.Append(System.String)
Info: BuildAssembler: Building topic P:Acer.Log.MyLogger.Debug
Info: BuildAssembler: Building topic M:Acer.Log.MyLogger.EndThreadLog(System.IAsyncResult)
Warn: ShowMissingComponent: Missing <param name="ar"> documentation for M:Acer.Log.MyLogger.EndThreadLog(System.IAsyncResult)
Info: BuildAssembler: Building topic P:Acer.Log.MyLogger.Error
Info: BuildAssembler: Building topic P:Acer.Log.MyLogger.Fatal
Info: BuildAssembler: Building topic M:Acer.Log.MyLogger.Flush(Acer.Log.MyLogger)
Warn: ShowMissingComponent: Missing <param name="logger"> documentation for M:Acer.Log.MyLogger.Flush(Acer.Log.MyLogger)
Info: BuildAssembler: Building topic M:Acer.Log.MyLogger.GetMessage
Warn: ShowMissingComponent: Missing <returns> documentation for M:Acer.Log.MyLogger.GetMessage
Info: BuildAssembler: Building topic M:Acer.Log.MyLogger.GetThreadId
Info: BuildAssembler: Building topic F:Acer.Log.MyLogger.Info
Info: BuildAssembler: Building topic M:Acer.Log.MyLogger.IniUserInfo(System.String)
Info: BuildAssembler: Building topic M:Acer.Log.MyLogger.Log(Acer.Log.MyLogger)
Info: BuildAssembler: Building topic M:Acer.Log.MyLogger.Log(System.Int32,System.String,System.String)
Info: BuildAssembler: Building topic M:Acer.Log.MyLogger.Log(System.Int32,System.String,System.String,System.String)
Info: BuildAssembler: Building topic F:Acer.Log.MyLogger.logLevel
Info: BuildAssembler: Building topic M:Acer.Log.MyLogger.SetLogLevel(System.Int32)
Info: BuildAssembler: Building topic M:Acer.Log.MyLogger.StartThreadLog
Info: BuildAssembler: Building topic P:Acer.Log.MyLogger.Warn
Info: BuildAssembler: Building topic N:Acer.Util
Info: BuildAssembler: Building topic T:Acer.Util.DateUtil
Info: BuildAssembler: Building topic M:Acer.Util.DateUtil.#ctor
Info: ShowMissingComponent: Auto-documenting constructor M:Acer.Util.DateUtil.#ctor
Info: BuildAssembler: Building topic M:Acer.Util.DateUtil.CDateAdd(System.String,System.Int32,System.String)
Info: BuildAssembler: Building topic M:Acer.Util.DateUtil.CDateDiff(System.String,System.String,System.String)
Info: BuildAssembler: Building topic M:Acer.Util.DateUtil.ConvertCDate(System.String,System.String)
Info: BuildAssembler: Building topic M:Acer.Util.DateUtil.ConvertDate(System.String)
Info: BuildAssembler: Building topic M:Acer.Util.DateUtil.DateAdd(System.String,System.Double,System.String)
Info: BuildAssembler: Building topic M:Acer.Util.DateUtil.DateDiff(System.String,System.String,System.String)
Info: BuildAssembler: Building topic M:Acer.Util.DateUtil.FormatCDate(System.String)
Info: BuildAssembler: Building topic M:Acer.Util.DateUtil.FormatCDateForPrint(System.String)
Info: BuildAssembler: Building topic M:Acer.Util.DateUtil.FormatDate(System.String)
Info: BuildAssembler: Building topic M:Acer.Util.DateUtil.FormatDateForPrint(System.String)
Info: BuildAssembler: Building topic M:Acer.Util.DateUtil.FormatTime(System.String)
Info: BuildAssembler: Building topic M:Acer.Util.DateUtil.GetCurrTimeMillis
Info: BuildAssembler: Building topic M:Acer.Util.DateUtil.GetCWeek(System.String)
Info: BuildAssembler: Building topic M:Acer.Util.DateUtil.GetNowCDate
Info: BuildAssembler: Building topic M:Acer.Util.DateUtil.GetNowDate
Info: BuildAssembler: Building topic M:Acer.Util.DateUtil.GetNowDateTime
Info: BuildAssembler: Building topic M:Acer.Util.DateUtil.GetNowTime
Info: BuildAssembler: Building topic M:Acer.Util.DateUtil.GetNowTimeMS
Info: BuildAssembler: Building topic T:Acer.Util.DBUtil
Info: BuildAssembler: Building topic M:Acer.Util.DBUtil.#ctor(Acer.Log.LogUtil)
Warn: ShowMissingComponent: Missing <param name="logUtil"> documentation for M:Acer.Util.DBUtil.#ctor(Acer.Log.LogUtil)
Info: BuildAssembler: Building topic M:Acer.Util.DBUtil.CloseDBManager
Info: BuildAssembler: Building topic P:Acer.Util.DBUtil.DBManager
Info: BuildAssembler: Building topic P:Acer.Util.DBUtil.Logger
Info: BuildAssembler: Building topic P:Acer.Util.DBUtil.LogUtil
Info: BuildAssembler: Building topic P:Acer.Util.DBUtil.PropertyMap
Info: BuildAssembler: Building topic T:Acer.Util.EntityColumnCompare
Info: BuildAssembler: Building topic Overload:Acer.Util.EntityColumnCompare.Equals
Info: BuildAssembler: Building topic M:Acer.Util.EntityColumnCompare.#ctor
Info: ShowMissingComponent: Auto-documenting constructor M:Acer.Util.EntityColumnCompare.#ctor
Info: BuildAssembler: Building topic M:Acer.Util.EntityColumnCompare.Equals(System.Object,System.Object)
Warn: ShowMissingComponent: Missing <returns> documentation for M:Acer.Util.EntityColumnCompare.Equals(System.Object,System.Object)
Warn: ShowMissingComponent: Missing <param name="x"> documentation for M:Acer.Util.EntityColumnCompare.Equals(System.Object,System.Object)
Warn: ShowMissingComponent: Missing <param name="y"> documentation for M:Acer.Util.EntityColumnCompare.Equals(System.Object,System.Object)
Info: BuildAssembler: Building topic M:Acer.Util.EntityColumnCompare.GetHashCode(System.Object)
Warn: ShowMissingComponent: Missing <returns> documentation for M:Acer.Util.EntityColumnCompare.GetHashCode(System.Object)
Warn: ShowMissingComponent: Missing <param name="obj"> documentation for M:Acer.Util.EntityColumnCompare.GetHashCode(System.Object)
Info: BuildAssembler: Building topic T:Acer.Util.Evaluator
Info: BuildAssembler: Building topic M:Acer.Util.Evaluator.#ctor
Info: ShowMissingComponent: Auto-documenting constructor M:Acer.Util.Evaluator.#ctor
Info: BuildAssembler: Building topic M:Acer.Util.Evaluator.Eval(System.String)
Info: BuildAssembler: Building topic T:Acer.Util.Utility
Info: BuildAssembler: Building topic Overload:Acer.Util.Utility.CloneStr
Info: BuildAssembler: Building topic Overload:Acer.Util.Utility.GetCNum
Info: BuildAssembler: Building topic M:Acer.Util.Utility.#ctor
Info: ShowMissingComponent: Auto-documenting constructor M:Acer.Util.Utility.#ctor
Info: BuildAssembler: Building topic M:Acer.Util.Utility.CharToFullSize(System.Char)
Info: BuildAssembler: Building topic M:Acer.Util.Utility.CheckNull(System.Object,System.String)
Info: BuildAssembler: Building topic M:Acer.Util.Utility.CloneStr(System.Char,System.Int32)
Info: BuildAssembler: Building topic M:Acer.Util.Utility.CloneStr(System.String,System.Int32)
Info: BuildAssembler: Building topic M:Acer.Util.Utility.ConvertStr(System.String)
Info: BuildAssembler: Building topic M:Acer.Util.Utility.CsvConvert(System.Object)
Info: BuildAssembler: Building topic M:Acer.Util.Utility.DateStr(System.Object)
Info: BuildAssembler: Building topic M:Acer.Util.Utility.DateTimeStr(System.Object)
Info: BuildAssembler: Building topic M:Acer.Util.Utility.DBStr(System.Object)
Info: BuildAssembler: Building topic M:Acer.Util.Utility.DecryptStr(System.String)
Info: BuildAssembler: Building topic M:Acer.Util.Utility.DecryptTagContent(System.String)
Info: BuildAssembler: Building topic M:Acer.Util.Utility.EncryptStr(System.String)
Info: BuildAssembler: Building topic M:Acer.Util.Utility.EncryptTagContent(System.String)
Info: BuildAssembler: Building topic M:Acer.Util.Utility.FillBackStr(System.String,System.Int32,System.Char)
Info: BuildAssembler: Building topic M:Acer.Util.Utility.FillBackZero(System.String,System.Int32)
Info: BuildAssembler: Building topic M:Acer.Util.Utility.FillStr(System.String,System.Int32,System.Char)
Info: BuildAssembler: Building topic M:Acer.Util.Utility.FillZero(System.String,System.Int32)
Info: BuildAssembler: Building topic M:Acer.Util.Utility.FormStr(System.Object)
Info: BuildAssembler: Building topic M:Acer.Util.Utility.GenerateKey
Warn: ShowMissingComponent: Missing <returns> documentation for M:Acer.Util.Utility.GenerateKey
Info: BuildAssembler: Building topic M:Acer.Util.Utility.GetBLen(System.String)
Info: BuildAssembler: Building topic M:Acer.Util.Utility.GetCNum(System.Double,System.Int32)
Info: BuildAssembler: Building topic M:Acer.Util.Utility.GetCNum(System.Int32,System.Int32)
Info: BuildAssembler: Building topic M:Acer.Util.Utility.GetCNum(System.Int64,System.Int32)
Info: BuildAssembler: Building topic M:Acer.Util.Utility.GetCNum(System.String,System.Int32)
Info: BuildAssembler: Building topic M:Acer.Util.Utility.GetIP
Info: BuildAssembler: Building topic M:Acer.Util.Utility.GetTagList(System.String,System.String,System.String)
Info: BuildAssembler: Building topic M:Acer.Util.Utility.GetTagStr(System.String,System.String,System.String)
Info: BuildAssembler: Building topic M:Acer.Util.Utility.InputStr(System.Object)
Info: BuildAssembler: Building topic M:Acer.Util.Utility.NullToSpace(System.Object)
Info: BuildAssembler: Building topic M:Acer.Util.Utility.Replace(System.String,System.String,System.String)
Info: BuildAssembler: Building topic M:Acer.Util.Utility.RTrim(System.String)
Info: BuildAssembler: Building topic M:Acer.Util.Utility.Split(System.String,System.String)
Info: BuildAssembler: Building topic M:Acer.Util.Utility.StrToFullSize(System.String)
Info: BuildAssembler: Building topic M:Acer.Util.Utility.Substring(System.String,System.Int32,System.Int32)
Info: BuildAssembler: Building topic R:Project
Info: Processed 502 topics
    Last step completed in 00:01:08.4375
-------------------------------
Generating table of content for HTML Help 1.x file...
[D:\Project\SourceCode\Dot Net 底層\dot net\VS2008\AcerLibrary\AcerLibrary\bin\Release\Doc\Help\Working\Generate1xTOC.bat]
XslTransform (v2.2.64000.4)
Copyright c Microsoft 2005-2006
Info: Applying XSL transformation 'C:\Program Files\Sandcastle\ProductionTransforms\CreatePrototypeToc.xsl'.
XslTransform (v2.2.64000.4)
Copyright c Microsoft 2005-2006
Info: Applying XSL transformation 'C:\Program Files\Sandcastle\ProductionTransforms\TocToChmContents.xsl'.
XslTransform (v2.2.64000.4)
Copyright c Microsoft 2005-2006
Info: Applying XSL transformation 'TocToWebContents.xsl'.
    Last step completed in 00:00:04.3906
Updating table of content with additional content items and determining default topic ...
    Last step completed in 00:00:00.0156
-------------------------------
Generating help file index...
[D:\Project\SourceCode\Dot Net 底層\dot net\VS2008\AcerLibrary\AcerLibrary\bin\Release\Doc\Help\Working\Generate1xIndex.bat]
XslTransform (v2.2.64000.4)
Copyright c Microsoft 2005-2006
Info: Applying XSL transformation 'C:\Program Files\Sandcastle\ProductionTransforms\ReflectionToChmIndex.xsl'.
    Last step completed in 00:00:00.8125
-------------------------------
Generating help project file...
    Last step completed in 00:00:00.0156
-------------------------------
Compiling the help file...
[D:\Project\SourceCode\Dot Net 底層\dot net\VS2008\AcerLibrary\AcerLibrary\bin\Release\Doc\Help\Working\Build1xHelpFile.bat]
Microsoft HTML Help Compiler 4.74.8702



Compiling d:\Project\SourceCode\Dot Net 底層\dot net\VS2008\AcerLibrary\AcerLibrary\bin\Release\Doc\Help\Working\Output\Documentation.chm





Compile time: 0 minutes, 8 seconds

504	Topics

3,361	Local links

204	Internet links

0	Graphics





Created d:\Project\SourceCode\Dot Net 底層\dot net\VS2008\AcerLibrary\AcerLibrary\bin\Release\Doc\Help\Working\Output\Documentation.chm, 463,709 bytes

Compression decreased file by 2,933,062 bytes.

    Last step completed in 00:00:09.8125
Removing intermediate files...
    Last step completed in 00:00:00.9688


Build completed successfully.  Total time: 00:01:36.8281

